[INFO  - 2018-07-27T16:24:48.276Z] GhostDriver - Main - running on port 3629
[INFO  - 2018-07-27T16:24:48.789Z] Session [94e59010-91b9-11e8-bff8-fd0f5a9df4f1] - page.settings - {"XSSAuditingEnabled":false,"javascriptCanCloseWindows":true,"javascriptCanOpenWindows":true,"javascriptEnabled":true,"loadImages":true,"localToRemoteUrlAccessEnabled":false,"userAgent":"Mozilla/5.0 (Unknown; Linux x86_64) AppleWebKit/538.1 (KHTML, like Gecko) PhantomJS/2.1.1 Safari/538.1","webSecurityEnabled":true}
[INFO  - 2018-07-27T16:24:48.789Z] Session [94e59010-91b9-11e8-bff8-fd0f5a9df4f1] - page.customHeaders:  - {}
[INFO  - 2018-07-27T16:24:48.789Z] Session [94e59010-91b9-11e8-bff8-fd0f5a9df4f1] - Session.negotiatedCapabilities - {"browserName":"phantomjs","version":"2.1.1","driverName":"ghostdriver","driverVersion":"1.2.0","platform":"linux-unknown-64bit","javascriptEnabled":true,"takesScreenshot":true,"handlesAlerts":false,"databaseEnabled":false,"locationContextEnabled":false,"applicationCacheEnabled":false,"browserConnectionEnabled":false,"cssSelectorsEnabled":true,"webStorageEnabled":false,"rotatable":false,"acceptSslCerts":false,"nativeEvents":true,"proxy":{"proxyType":"direct"}}
[INFO  - 2018-07-27T16:24:48.789Z] SessionManagerReqHand - _postNewSessionCommand - New Session Created: 94e59010-91b9-11e8-bff8-fd0f5a9df4f1
[INFO  - 2018-07-27T16:24:52.918Z] ShutdownReqHand - _handle - About to shutdown
[INFO  - 2018-07-27T16:28:06.354Z] GhostDriver - Main - running on port 8756
[INFO  - 2018-07-27T16:28:06.963Z] Session [0b04ab00-91ba-11e8-952a-f14d5eb8de0f] - page.settings - {"XSSAuditingEnabled":false,"javascriptCanCloseWindows":true,"javascriptCanOpenWindows":true,"javascriptEnabled":true,"loadImages":true,"localToRemoteUrlAccessEnabled":false,"userAgent":"Mozilla/5.0 (Unknown; Linux x86_64) AppleWebKit/538.1 (KHTML, like Gecko) PhantomJS/2.1.1 Safari/538.1","webSecurityEnabled":true}
[INFO  - 2018-07-27T16:28:06.963Z] Session [0b04ab00-91ba-11e8-952a-f14d5eb8de0f] - page.customHeaders:  - {}
[INFO  - 2018-07-27T16:28:06.964Z] Session [0b04ab00-91ba-11e8-952a-f14d5eb8de0f] - Session.negotiatedCapabilities - {"browserName":"phantomjs","version":"2.1.1","driverName":"ghostdriver","driverVersion":"1.2.0","platform":"linux-unknown-64bit","javascriptEnabled":true,"takesScreenshot":true,"handlesAlerts":false,"databaseEnabled":false,"locationContextEnabled":false,"applicationCacheEnabled":false,"browserConnectionEnabled":false,"cssSelectorsEnabled":true,"webStorageEnabled":false,"rotatable":false,"acceptSslCerts":false,"nativeEvents":true,"proxy":{"proxyType":"direct"}}
[INFO  - 2018-07-27T16:28:06.964Z] SessionManagerReqHand - _postNewSessionCommand - New Session Created: 0b04ab00-91ba-11e8-952a-f14d5eb8de0f
[INFO  - 2018-07-27T16:28:10.801Z] ShutdownReqHand - _handle - About to shutdown
[INFO  - 2018-07-27T16:29:07.090Z] GhostDriver - Main - running on port 12321
[INFO  - 2018-07-27T16:29:07.688Z] Session [2f366a40-91ba-11e8-9439-23eba2789bfd] - page.settings - {"XSSAuditingEnabled":false,"javascriptCanCloseWindows":true,"javascriptCanOpenWindows":true,"javascriptEnabled":true,"loadImages":true,"localToRemoteUrlAccessEnabled":false,"userAgent":"Mozilla/5.0 (Unknown; Linux x86_64) AppleWebKit/538.1 (KHTML, like Gecko) PhantomJS/2.1.1 Safari/538.1","webSecurityEnabled":true}
[INFO  - 2018-07-27T16:29:07.689Z] Session [2f366a40-91ba-11e8-9439-23eba2789bfd] - page.customHeaders:  - {}
[INFO  - 2018-07-27T16:29:07.689Z] Session [2f366a40-91ba-11e8-9439-23eba2789bfd] - Session.negotiatedCapabilities - {"browserName":"phantomjs","version":"2.1.1","driverName":"ghostdriver","driverVersion":"1.2.0","platform":"linux-unknown-64bit","javascriptEnabled":true,"takesScreenshot":true,"handlesAlerts":false,"databaseEnabled":false,"locationContextEnabled":false,"applicationCacheEnabled":false,"browserConnectionEnabled":false,"cssSelectorsEnabled":true,"webStorageEnabled":false,"rotatable":false,"acceptSslCerts":false,"nativeEvents":true,"proxy":{"proxyType":"direct"}}
[INFO  - 2018-07-27T16:29:07.689Z] SessionManagerReqHand - _postNewSessionCommand - New Session Created: 2f366a40-91ba-11e8-9439-23eba2789bfd
[INFO  - 2018-07-27T16:29:11.740Z] ShutdownReqHand - _handle - About to shutdown
[INFO  - 2018-07-27T16:30:19.043Z] GhostDriver - Main - running on port 3514
[INFO  - 2018-07-27T16:30:19.607Z] Session [5a148940-91ba-11e8-a8d1-95bfde281549] - page.settings - {"XSSAuditingEnabled":false,"javascriptCanCloseWindows":true,"javascriptCanOpenWindows":true,"javascriptEnabled":true,"loadImages":true,"localToRemoteUrlAccessEnabled":false,"userAgent":"Mozilla/5.0 (Unknown; Linux x86_64) AppleWebKit/538.1 (KHTML, like Gecko) PhantomJS/2.1.1 Safari/538.1","webSecurityEnabled":true}
[INFO  - 2018-07-27T16:30:19.607Z] Session [5a148940-91ba-11e8-a8d1-95bfde281549] - page.customHeaders:  - {}
[INFO  - 2018-07-27T16:30:19.607Z] Session [5a148940-91ba-11e8-a8d1-95bfde281549] - Session.negotiatedCapabilities - {"browserName":"phantomjs","version":"2.1.1","driverName":"ghostdriver","driverVersion":"1.2.0","platform":"linux-unknown-64bit","javascriptEnabled":true,"takesScreenshot":true,"handlesAlerts":false,"databaseEnabled":false,"locationContextEnabled":false,"applicationCacheEnabled":false,"browserConnectionEnabled":false,"cssSelectorsEnabled":true,"webStorageEnabled":false,"rotatable":false,"acceptSslCerts":false,"nativeEvents":true,"proxy":{"proxyType":"direct"}}
[INFO  - 2018-07-27T16:30:19.608Z] SessionManagerReqHand - _postNewSessionCommand - New Session Created: 5a148940-91ba-11e8-a8d1-95bfde281549
[INFO  - 2018-07-27T16:30:24.587Z] ShutdownReqHand - _handle - About to shutdown
[INFO  - 2018-07-27T17:06:40.208Z] GhostDriver - Main - running on port 6495
[INFO  - 2018-07-27T17:06:40.566Z] Session [6e082a10-91bf-11e8-ba9e-a75aacd34364] - page.settings - {"XSSAuditingEnabled":false,"javascriptCanCloseWindows":true,"javascriptCanOpenWindows":true,"javascriptEnabled":true,"loadImages":true,"localToRemoteUrlAccessEnabled":false,"userAgent":"Mozilla/5.0 (Unknown; Linux x86_64) AppleWebKit/538.1 (KHTML, like Gecko) PhantomJS/2.1.1 Safari/538.1","webSecurityEnabled":true}
[INFO  - 2018-07-27T17:06:40.566Z] Session [6e082a10-91bf-11e8-ba9e-a75aacd34364] - page.customHeaders:  - {}
[INFO  - 2018-07-27T17:06:40.572Z] Session [6e082a10-91bf-11e8-ba9e-a75aacd34364] - Session.negotiatedCapabilities - {"browserName":"phantomjs","version":"2.1.1","driverName":"ghostdriver","driverVersion":"1.2.0","platform":"linux-unknown-64bit","javascriptEnabled":true,"takesScreenshot":true,"handlesAlerts":false,"databaseEnabled":false,"locationContextEnabled":false,"applicationCacheEnabled":false,"browserConnectionEnabled":false,"cssSelectorsEnabled":true,"webStorageEnabled":false,"rotatable":false,"acceptSslCerts":false,"nativeEvents":true,"proxy":{"proxyType":"direct"}}
[INFO  - 2018-07-27T17:06:40.573Z] SessionManagerReqHand - _postNewSessionCommand - New Session Created: 6e082a10-91bf-11e8-ba9e-a75aacd34364
[INFO  - 2018-07-27T17:06:45.163Z] ShutdownReqHand - _handle - About to shutdown
[INFO  - 2018-07-27T17:10:11.512Z] GhostDriver - Main - running on port 5794
[INFO  - 2018-07-27T17:10:11.864Z] Session [ebf9d540-91bf-11e8-989e-4bb3ba88e854] - page.settings - {"XSSAuditingEnabled":false,"javascriptCanCloseWindows":true,"javascriptCanOpenWindows":true,"javascriptEnabled":true,"loadImages":true,"localToRemoteUrlAccessEnabled":false,"userAgent":"Mozilla/5.0 (Unknown; Linux x86_64) AppleWebKit/538.1 (KHTML, like Gecko) PhantomJS/2.1.1 Safari/538.1","webSecurityEnabled":true}
[INFO  - 2018-07-27T17:10:11.864Z] Session [ebf9d540-91bf-11e8-989e-4bb3ba88e854] - page.customHeaders:  - {}
[INFO  - 2018-07-27T17:10:11.864Z] Session [ebf9d540-91bf-11e8-989e-4bb3ba88e854] - Session.negotiatedCapabilities - {"browserName":"phantomjs","version":"2.1.1","driverName":"ghostdriver","driverVersion":"1.2.0","platform":"linux-unknown-64bit","javascriptEnabled":true,"takesScreenshot":true,"handlesAlerts":false,"databaseEnabled":false,"locationContextEnabled":false,"applicationCacheEnabled":false,"browserConnectionEnabled":false,"cssSelectorsEnabled":true,"webStorageEnabled":false,"rotatable":false,"acceptSslCerts":false,"nativeEvents":true,"proxy":{"proxyType":"direct"}}
[INFO  - 2018-07-27T17:10:11.865Z] SessionManagerReqHand - _postNewSessionCommand - New Session Created: ebf9d540-91bf-11e8-989e-4bb3ba88e854
[INFO  - 2018-07-27T17:10:15.928Z] ShutdownReqHand - _handle - About to shutdown
[INFO  - 2018-07-27T17:11:45.729Z] GhostDriver - Main - running on port 9893
[INFO  - 2018-07-27T17:11:46.092Z] Session [2423e280-91c0-11e8-9d77-9fe64324eb88] - page.settings - {"XSSAuditingEnabled":false,"javascriptCanCloseWindows":true,"javascriptCanOpenWindows":true,"javascriptEnabled":true,"loadImages":true,"localToRemoteUrlAccessEnabled":false,"userAgent":"Mozilla/5.0 (Unknown; Linux x86_64) AppleWebKit/538.1 (KHTML, like Gecko) PhantomJS/2.1.1 Safari/538.1","webSecurityEnabled":true}
[INFO  - 2018-07-27T17:11:46.092Z] Session [2423e280-91c0-11e8-9d77-9fe64324eb88] - page.customHeaders:  - {}
[INFO  - 2018-07-27T17:11:46.092Z] Session [2423e280-91c0-11e8-9d77-9fe64324eb88] - Session.negotiatedCapabilities - {"browserName":"phantomjs","version":"2.1.1","driverName":"ghostdriver","driverVersion":"1.2.0","platform":"linux-unknown-64bit","javascriptEnabled":true,"takesScreenshot":true,"handlesAlerts":false,"databaseEnabled":false,"locationContextEnabled":false,"applicationCacheEnabled":false,"browserConnectionEnabled":false,"cssSelectorsEnabled":true,"webStorageEnabled":false,"rotatable":false,"acceptSslCerts":false,"nativeEvents":true,"proxy":{"proxyType":"direct"}}
[INFO  - 2018-07-27T17:11:46.092Z] SessionManagerReqHand - _postNewSessionCommand - New Session Created: 2423e280-91c0-11e8-9d77-9fe64324eb88
[INFO  - 2018-07-27T17:11:50.509Z] ShutdownReqHand - _handle - About to shutdown
[INFO  - 2018-07-27T17:14:27.960Z] GhostDriver - Main - running on port 1247
[INFO  - 2018-07-27T17:14:28.337Z] Session [84d8a8e0-91c0-11e8-a82b-397f1d3ee884] - page.settings - {"XSSAuditingEnabled":false,"javascriptCanCloseWindows":true,"javascriptCanOpenWindows":true,"javascriptEnabled":true,"loadImages":true,"localToRemoteUrlAccessEnabled":false,"userAgent":"Mozilla/5.0 (Unknown; Linux x86_64) AppleWebKit/538.1 (KHTML, like Gecko) PhantomJS/2.1.1 Safari/538.1","webSecurityEnabled":true}
[INFO  - 2018-07-27T17:14:28.337Z] Session [84d8a8e0-91c0-11e8-a82b-397f1d3ee884] - page.customHeaders:  - {}
[INFO  - 2018-07-27T17:14:28.344Z] Session [84d8a8e0-91c0-11e8-a82b-397f1d3ee884] - Session.negotiatedCapabilities - {"browserName":"phantomjs","version":"2.1.1","driverName":"ghostdriver","driverVersion":"1.2.0","platform":"linux-unknown-64bit","javascriptEnabled":true,"takesScreenshot":true,"handlesAlerts":false,"databaseEnabled":false,"locationContextEnabled":false,"applicationCacheEnabled":false,"browserConnectionEnabled":false,"cssSelectorsEnabled":true,"webStorageEnabled":false,"rotatable":false,"acceptSslCerts":false,"nativeEvents":true,"proxy":{"proxyType":"direct"}}
[INFO  - 2018-07-27T17:14:28.344Z] SessionManagerReqHand - _postNewSessionCommand - New Session Created: 84d8a8e0-91c0-11e8-a82b-397f1d3ee884
[INFO  - 2018-07-27T17:14:31.903Z] ShutdownReqHand - _handle - About to shutdown
[INFO  - 2018-07-27T17:18:47.217Z] GhostDriver - Main - running on port 18552
[INFO  - 2018-07-27T17:18:47.574Z] Session [1f5cef20-91c1-11e8-a77c-f16ef47bd9ba] - page.settings - {"XSSAuditingEnabled":false,"javascriptCanCloseWindows":true,"javascriptCanOpenWindows":true,"javascriptEnabled":true,"loadImages":true,"localToRemoteUrlAccessEnabled":false,"userAgent":"Mozilla/5.0 (Unknown; Linux x86_64) AppleWebKit/538.1 (KHTML, like Gecko) PhantomJS/2.1.1 Safari/538.1","webSecurityEnabled":true}
[INFO  - 2018-07-27T17:18:47.574Z] Session [1f5cef20-91c1-11e8-a77c-f16ef47bd9ba] - page.customHeaders:  - {}
[INFO  - 2018-07-27T17:18:47.584Z] Session [1f5cef20-91c1-11e8-a77c-f16ef47bd9ba] - Session.negotiatedCapabilities - {"browserName":"phantomjs","version":"2.1.1","driverName":"ghostdriver","driverVersion":"1.2.0","platform":"linux-unknown-64bit","javascriptEnabled":true,"takesScreenshot":true,"handlesAlerts":false,"databaseEnabled":false,"locationContextEnabled":false,"applicationCacheEnabled":false,"browserConnectionEnabled":false,"cssSelectorsEnabled":true,"webStorageEnabled":false,"rotatable":false,"acceptSslCerts":false,"nativeEvents":true,"proxy":{"proxyType":"direct"}}
[INFO  - 2018-07-27T17:18:47.584Z] SessionManagerReqHand - _postNewSessionCommand - New Session Created: 1f5cef20-91c1-11e8-a77c-f16ef47bd9ba
[INFO  - 2018-07-27T17:18:51.868Z] ShutdownReqHand - _handle - About to shutdown
[INFO  - 2018-07-27T17:23:15.121Z] GhostDriver - Main - running on port 27378
[INFO  - 2018-07-27T17:23:15.521Z] Session [bf1266d0-91c1-11e8-b237-c54f8d8d1f1a] - page.settings - {"XSSAuditingEnabled":false,"javascriptCanCloseWindows":true,"javascriptCanOpenWindows":true,"javascriptEnabled":true,"loadImages":true,"localToRemoteUrlAccessEnabled":false,"userAgent":"Mozilla/5.0 (Unknown; Linux x86_64) AppleWebKit/538.1 (KHTML, like Gecko) PhantomJS/2.1.1 Safari/538.1","webSecurityEnabled":true}
[INFO  - 2018-07-27T17:23:15.521Z] Session [bf1266d0-91c1-11e8-b237-c54f8d8d1f1a] - page.customHeaders:  - {}
[INFO  - 2018-07-27T17:23:15.521Z] Session [bf1266d0-91c1-11e8-b237-c54f8d8d1f1a] - Session.negotiatedCapabilities - {"browserName":"phantomjs","version":"2.1.1","driverName":"ghostdriver","driverVersion":"1.2.0","platform":"linux-unknown-64bit","javascriptEnabled":true,"takesScreenshot":true,"handlesAlerts":false,"databaseEnabled":false,"locationContextEnabled":false,"applicationCacheEnabled":false,"browserConnectionEnabled":false,"cssSelectorsEnabled":true,"webStorageEnabled":false,"rotatable":false,"acceptSslCerts":false,"nativeEvents":true,"proxy":{"proxyType":"direct"}}
[INFO  - 2018-07-27T17:23:15.521Z] SessionManagerReqHand - _postNewSessionCommand - New Session Created: bf1266d0-91c1-11e8-b237-c54f8d8d1f1a
[INFO  - 2018-07-27T17:23:19.868Z] ShutdownReqHand - _handle - About to shutdown
[INFO  - 2018-07-27T17:29:44.622Z] GhostDriver - Main - running on port 15730
[INFO  - 2018-07-27T17:29:44.990Z] Session [a736a7a0-91c2-11e8-b7bf-1993fbc89e53] - page.settings - {"XSSAuditingEnabled":false,"javascriptCanCloseWindows":true,"javascriptCanOpenWindows":true,"javascriptEnabled":true,"loadImages":true,"localToRemoteUrlAccessEnabled":false,"userAgent":"Mozilla/5.0 (Unknown; Linux x86_64) AppleWebKit/538.1 (KHTML, like Gecko) PhantomJS/2.1.1 Safari/538.1","webSecurityEnabled":true}
[INFO  - 2018-07-27T17:29:44.990Z] Session [a736a7a0-91c2-11e8-b7bf-1993fbc89e53] - page.customHeaders:  - {}
[INFO  - 2018-07-27T17:29:44.990Z] Session [a736a7a0-91c2-11e8-b7bf-1993fbc89e53] - Session.negotiatedCapabilities - {"browserName":"phantomjs","version":"2.1.1","driverName":"ghostdriver","driverVersion":"1.2.0","platform":"linux-unknown-64bit","javascriptEnabled":true,"takesScreenshot":true,"handlesAlerts":false,"databaseEnabled":false,"locationContextEnabled":false,"applicationCacheEnabled":false,"browserConnectionEnabled":false,"cssSelectorsEnabled":true,"webStorageEnabled":false,"rotatable":false,"acceptSslCerts":false,"nativeEvents":true,"proxy":{"proxyType":"direct"}}
[INFO  - 2018-07-27T17:29:44.990Z] SessionManagerReqHand - _postNewSessionCommand - New Session Created: a736a7a0-91c2-11e8-b7bf-1993fbc89e53
[INFO  - 2018-07-27T17:29:47.939Z] ShutdownReqHand - _handle - About to shutdown
